c:\users\2209423\documents\github\tsukamoto_takumi_game_program\麻生情報ビジネス専門学校北九州校_塚本拓海_プログラマー\作品\ソースコード\x64\debug\collision.obj
c:\users\2209423\documents\github\tsukamoto_takumi_game_program\麻生情報ビジネス専門学校北九州校_塚本拓海_プログラマー\作品\ソースコード\x64\debug\gamesystem.obj
c:\users\2209423\documents\github\tsukamoto_takumi_game_program\麻生情報ビジネス専門学校北九州校_塚本拓海_プログラマー\作品\ソースコード\x64\debug\cameramanager.obj
c:\users\2209423\documents\github\tsukamoto_takumi_game_program\麻生情報ビジネス専門学校北九州校_塚本拓海_プログラマー\作品\ソースコード\x64\debug\findout.obj
c:\users\2209423\documents\github\tsukamoto_takumi_game_program\麻生情報ビジネス専門学校北九州校_塚本拓海_プログラマー\作品\ソースコード\x64\debug\player2deffect.obj
c:\users\2209423\documents\github\tsukamoto_takumi_game_program\麻生情報ビジネス専門学校北九州校_塚本拓海_プログラマー\作品\ソースコード\x64\debug\substance.obj
c:\users\2209423\documents\github\tsukamoto_takumi_game_program\麻生情報ビジネス専門学校北九州校_塚本拓海_プログラマー\作品\ソースコード\x64\debug\input.obj
c:\users\2209423\documents\github\tsukamoto_takumi_game_program\麻生情報ビジネス専門学校北九州校_塚本拓海_プログラマー\作品\ソースコード\x64\debug\corpse.obj
c:\users\2209423\documents\github\tsukamoto_takumi_game_program\麻生情報ビジネス専門学校北九州校_塚本拓海_プログラマー\作品\ソースコード\x64\debug\object.obj
c:\users\2209423\documents\github\tsukamoto_takumi_game_program\麻生情報ビジネス専門学校北九州校_塚本拓海_プログラマー\作品\ソースコード\x64\debug\score.obj
c:\users\2209423\documents\github\tsukamoto_takumi_game_program\麻生情報ビジネス専門学校北九州校_塚本拓海_プログラマー\作品\ソースコード\x64\debug\timelimit.obj
c:\users\2209423\documents\github\tsukamoto_takumi_game_program\麻生情報ビジネス専門学校北九州校_塚本拓海_プログラマー\作品\ソースコード\x64\debug\model.obj
c:\users\2209423\documents\github\tsukamoto_takumi_game_program\麻生情報ビジネス専門学校北九州校_塚本拓海_プログラマー\作品\ソースコード\x64\debug\enemy.obj
c:\users\2209423\documents\github\tsukamoto_takumi_game_program\麻生情報ビジネス専門学校北九州校_塚本拓海_プログラマー\作品\ソースコード\x64\debug\bomb.obj
c:\users\2209423\documents\github\tsukamoto_takumi_game_program\麻生情報ビジネス専門学校北九州校_塚本拓海_プログラマー\作品\ソースコード\x64\debug\bulletmanager.obj
c:\users\2209423\documents\github\tsukamoto_takumi_game_program\麻生情報ビジネス専門学校北九州校_塚本拓海_プログラマー\作品\ソースコード\x64\debug\chase.obj
c:\users\2209423\documents\github\tsukamoto_takumi_game_program\麻生情報ビジネス専門学校北九州校_塚本拓海_プログラマー\作品\ソースコード\x64\debug\itemmanager.obj
c:\users\2209423\documents\github\tsukamoto_takumi_game_program\麻生情報ビジネス専門学校北九州校_塚本拓海_プログラマー\作品\ソースコード\x64\debug\camera.obj
c:\users\2209423\documents\github\tsukamoto_takumi_game_program\麻生情報ビジネス専門学校北九州校_塚本拓海_プログラマー\作品\ソースコード\x64\debug\fade.obj
c:\users\2209423\documents\github\tsukamoto_takumi_game_program\麻生情報ビジネス専門学校北九州校_塚本拓海_プログラマー\作品\ソースコード\x64\debug\bigsubstance.obj
c:\users\2209423\documents\github\tsukamoto_takumi_game_program\麻生情報ビジネス専門学校北九州校_塚本拓海_プログラマー\作品\ソースコード\x64\debug\inputkeyboard.obj
c:\users\2209423\documents\github\tsukamoto_takumi_game_program\麻生情報ビジネス専門学校北九州校_塚本拓海_プログラマー\作品\ソースコード\x64\debug\enemymanager.obj
c:\users\2209423\documents\github\tsukamoto_takumi_game_program\麻生情報ビジネス専門学校北九州校_塚本拓海_プログラマー\作品\ソースコード\x64\debug\sceneplay.obj
c:\users\2209423\documents\github\tsukamoto_takumi_game_program\麻生情報ビジネス専門学校北九州校_塚本拓海_プログラマー\作品\ソースコード\x64\debug\number.obj
c:\users\2209423\documents\github\tsukamoto_takumi_game_program\麻生情報ビジネス専門学校北九州校_塚本拓海_プログラマー\作品\ソースコード\x64\debug\effekseer.obj
c:\users\2209423\documents\github\tsukamoto_takumi_game_program\麻生情報ビジネス専門学校北九州校_塚本拓海_プログラマー\作品\ソースコード\x64\debug\player3deffect.obj
c:\users\2209423\documents\github\tsukamoto_takumi_game_program\麻生情報ビジネス専門学校北九州校_塚本拓海_プログラマー\作品\ソースコード\x64\debug\bullet.obj
c:\users\2209423\documents\github\tsukamoto_takumi_game_program\麻生情報ビジネス専門学校北九州校_塚本拓海_プログラマー\作品\ソースコード\x64\debug\enemybomber.obj
c:\users\2209423\documents\github\tsukamoto_takumi_game_program\麻生情報ビジネス専門学校北九州校_塚本拓海_プログラマー\作品\ソースコード\x64\debug\main.obj
c:\users\2209423\documents\github\tsukamoto_takumi_game_program\麻生情報ビジネス専門学校北九州校_塚本拓海_プログラマー\作品\ソースコード\x64\debug\sound.obj
c:\users\2209423\documents\github\tsukamoto_takumi_game_program\麻生情報ビジネス専門学校北九州校_塚本拓海_プログラマー\作品\ソースコード\x64\debug\debugcamera.obj
c:\users\2209423\documents\github\tsukamoto_takumi_game_program\麻生情報ビジネス専門学校北九州校_塚本拓海_プログラマー\作品\ソースコード\x64\debug\straightattack.obj
c:\users\2209423\documents\github\tsukamoto_takumi_game_program\麻生情報ビジネス専門学校北九州校_塚本拓海_プログラマー\作品\ソースコード\x64\debug\heal.obj
c:\users\2209423\documents\github\tsukamoto_takumi_game_program\麻生情報ビジネス専門学校北九州校_塚本拓海_プログラマー\作品\ソースコード\x64\debug\skybox.obj
c:\users\2209423\documents\github\tsukamoto_takumi_game_program\麻生情報ビジネス専門学校北九州校_塚本拓海_プログラマー\作品\ソースコード\x64\debug\image.obj
c:\users\2209423\documents\github\tsukamoto_takumi_game_program\麻生情報ビジネス専門学校北九州校_塚本拓海_プログラマー\作品\ソースコード\x64\debug\combo.obj
c:\users\2209423\documents\github\tsukamoto_takumi_game_program\麻生情報ビジネス専門学校北九州校_塚本拓海_プログラマー\作品\ソースコード\x64\debug\idle.obj
c:\users\2209423\documents\github\tsukamoto_takumi_game_program\麻生情報ビジネス専門学校北九州校_塚本拓海_プログラマー\作品\ソースコード\x64\debug\scenebase.obj
c:\users\2209423\documents\github\tsukamoto_takumi_game_program\麻生情報ビジネス専門学校北九州校_塚本拓海_プログラマー\作品\ソースコード\x64\debug\substancebase.obj
c:\users\2209423\documents\github\tsukamoto_takumi_game_program\麻生情報ビジネス専門学校北九州校_塚本拓海_プログラマー\作品\ソースコード\x64\debug\framerate.obj
c:\users\2209423\documents\github\tsukamoto_takumi_game_program\麻生情報ビジネス専門学校北九州校_塚本拓海_プログラマー\作品\ソースコード\x64\debug\collisionmanager.obj
c:\users\2209423\documents\github\tsukamoto_takumi_game_program\麻生情報ビジネス専門学校北九州校_塚本拓海_プログラマー\作品\ソースコード\x64\debug\field.obj
c:\users\2209423\documents\github\tsukamoto_takumi_game_program\麻生情報ビジネス専門学校北九州校_塚本拓海_プログラマー\作品\ソースコード\x64\debug\sceneclear.obj
c:\users\2209423\documents\github\tsukamoto_takumi_game_program\麻生情報ビジネス専門学校北九州校_塚本拓海_プログラマー\作品\ソースコード\x64\debug\substancemanager.obj
c:\users\2209423\documents\github\tsukamoto_takumi_game_program\麻生情報ビジネス専門学校北九州校_塚本拓海_プログラマー\作品\ソースコード\x64\debug\gamepad.obj
c:\users\2209423\documents\github\tsukamoto_takumi_game_program\麻生情報ビジネス専門学校北九州校_塚本拓海_プログラマー\作品\ソースコード\x64\debug\enemymonster.obj
c:\users\2209423\documents\github\tsukamoto_takumi_game_program\麻生情報ビジネス専門学校北九州校_塚本拓海_プログラマー\作品\ソースコード\x64\debug\player.obj
c:\users\2209423\documents\github\tsukamoto_takumi_game_program\麻生情報ビジネス専門学校北九州校_塚本拓海_プログラマー\作品\ソースコード\x64\debug\mouse.obj
c:\users\2209423\documents\github\tsukamoto_takumi_game_program\麻生情報ビジネス専門学校北九州校_塚本拓海_プログラマー\作品\ソースコード\x64\debug\enemybase.obj
c:\users\2209423\documents\github\tsukamoto_takumi_game_program\麻生情報ビジネス専門学校北九州校_塚本拓海_プログラマー\作品\ソースコード\x64\debug\scenegameover.obj
c:\users\2209423\documents\github\tsukamoto_takumi_game_program\麻生情報ビジネス専門学校北九州校_塚本拓海_プログラマー\作品\ソースコード\x64\debug\bigbullet.obj
c:\users\2209423\documents\github\tsukamoto_takumi_game_program\麻生情報ビジネス専門学校北九州校_塚本拓海_プログラマー\作品\ソースコード\x64\debug\enemyflyweightimage.obj
c:\users\2209423\documents\github\tsukamoto_takumi_game_program\麻生情報ビジネス専門学校北九州校_塚本拓海_プログラマー\作品\ソースコード\x64\debug\randomwalk.obj
c:\users\2209423\documents\github\tsukamoto_takumi_game_program\麻生情報ビジネス専門学校北九州校_塚本拓海_プログラマー\作品\ソースコード\x64\debug\scenetitle.obj
c:\users\2209423\documents\github\tsukamoto_takumi_game_program\麻生情報ビジネス専門学校北九州校_塚本拓海_プログラマー\作品\ソースコード\x64\debug\csvfileloader.obj
c:\users\2209423\documents\github\tsukamoto_takumi_game_program\麻生情報ビジネス専門学校北九州校_塚本拓海_プログラマー\作品\ソースコード\x64\debug\knockback.obj
c:\users\2209423\documents\github\tsukamoto_takumi_game_program\麻生情報ビジネス専門学校北九州校_塚本拓海_プログラマー\作品\ソースコード\x64\debug\scenemanager.obj
c:\users\2209423\documents\github\tsukamoto_takumi_game_program\麻生情報ビジネス専門学校北九州校_塚本拓海_プログラマー\作品\ソースコード\x64\debug\vc143.pdb
c:\users\2209423\documents\github\tsukamoto_takumi_game_program\麻生情報ビジネス専門学校北九州校_塚本拓海_プログラマー\作品\ソースコード\x64\debug\vc143.idb
c:\users\2209423\documents\github\tsukamoto_takumi_game_program\麻生情報ビジネス専門学校北九州校_塚本拓海_プログラマー\作品\ソースコード\x64\debug\game.exe
c:\users\2209423\documents\github\tsukamoto_takumi_game_program\麻生情報ビジネス専門学校北九州校_塚本拓海_プログラマー\作品\ソースコード\x64\debug\game.ilk
c:\users\2209423\documents\github\tsukamoto_takumi_game_program\麻生情報ビジネス専門学校北九州校_塚本拓海_プログラマー\作品\ソースコード\x64\debug\game.pdb
c:\users\2209423\documents\github\tsukamoto_takumi_game_program\麻生情報ビジネス専門学校北九州校_塚本拓海_プログラマー\作品\ソースコード\x64\debug\game.tlog\cl.command.1.tlog
c:\users\2209423\documents\github\tsukamoto_takumi_game_program\麻生情報ビジネス専門学校北九州校_塚本拓海_プログラマー\作品\ソースコード\x64\debug\game.tlog\cl.items.tlog
c:\users\2209423\documents\github\tsukamoto_takumi_game_program\麻生情報ビジネス専門学校北九州校_塚本拓海_プログラマー\作品\ソースコード\x64\debug\game.tlog\cl.read.1.tlog
c:\users\2209423\documents\github\tsukamoto_takumi_game_program\麻生情報ビジネス専門学校北九州校_塚本拓海_プログラマー\作品\ソースコード\x64\debug\game.tlog\cl.write.1.tlog
c:\users\2209423\documents\github\tsukamoto_takumi_game_program\麻生情報ビジネス専門学校北九州校_塚本拓海_プログラマー\作品\ソースコード\x64\debug\game.tlog\link.command.1.tlog
c:\users\2209423\documents\github\tsukamoto_takumi_game_program\麻生情報ビジネス専門学校北九州校_塚本拓海_プログラマー\作品\ソースコード\x64\debug\game.tlog\link.read.1.tlog
c:\users\2209423\documents\github\tsukamoto_takumi_game_program\麻生情報ビジネス専門学校北九州校_塚本拓海_プログラマー\作品\ソースコード\x64\debug\game.tlog\link.write.1.tlog
