c:\users\neutr\onedrive\ドキュメント\github\tsukamoto_takumi_program\project\game\x64\release\collision.obj
c:\users\neutr\onedrive\ドキュメント\github\tsukamoto_takumi_program\project\game\x64\release\enemybase.obj
c:\users\neutr\onedrive\ドキュメント\github\tsukamoto_takumi_program\project\game\x64\release\object.obj
c:\users\neutr\onedrive\ドキュメント\github\tsukamoto_takumi_program\project\game\x64\release\scenegameover.obj
c:\users\neutr\onedrive\ドキュメント\github\tsukamoto_takumi_program\project\game\x64\release\sound.obj
c:\users\neutr\onedrive\ドキュメント\github\tsukamoto_takumi_program\project\game\x64\release\substancemanager.obj
c:\users\neutr\onedrive\ドキュメント\github\tsukamoto_takumi_program\project\game\x64\release\csvfileloader.obj
c:\users\neutr\onedrive\ドキュメント\github\tsukamoto_takumi_program\project\game\x64\release\bulletbase.obj
c:\users\neutr\onedrive\ドキュメント\github\tsukamoto_takumi_program\project\game\x64\release\bulletmanager.obj
c:\users\neutr\onedrive\ドキュメント\github\tsukamoto_takumi_program\project\game\x64\release\enemymanager.obj
c:\users\neutr\onedrive\ドキュメント\github\tsukamoto_takumi_program\project\game\x64\release\scenebase.obj
c:\users\neutr\onedrive\ドキュメント\github\tsukamoto_takumi_program\project\game\x64\release\score.obj
c:\users\neutr\onedrive\ドキュメント\github\tsukamoto_takumi_program\project\game\x64\release\statemachine.obj
c:\users\neutr\onedrive\ドキュメント\github\tsukamoto_takumi_program\project\game\x64\release\state.obj
c:\users\neutr\onedrive\ドキュメント\github\tsukamoto_takumi_program\project\game\x64\release\collisionmanager.obj
c:\users\neutr\onedrive\ドキュメント\github\tsukamoto_takumi_program\project\game\x64\release\vector3d.obj
c:\users\neutr\onedrive\ドキュメント\github\tsukamoto_takumi_program\project\game\x64\release\cameramanager.obj
c:\users\neutr\onedrive\ドキュメント\github\tsukamoto_takumi_program\project\game\x64\release\fade.obj
c:\users\neutr\onedrive\ドキュメント\github\tsukamoto_takumi_program\project\game\x64\release\player.obj
c:\users\neutr\onedrive\ドキュメント\github\tsukamoto_takumi_program\project\game\x64\release\substance.obj
c:\users\neutr\onedrive\ドキュメント\github\tsukamoto_takumi_program\project\game\x64\release\framerate.obj
c:\users\neutr\onedrive\ドキュメント\github\tsukamoto_takumi_program\project\game\x64\release\mymath.obj
c:\users\neutr\onedrive\ドキュメント\github\tsukamoto_takumi_program\project\game\x64\release\bullet.obj
c:\users\neutr\onedrive\ドキュメント\github\tsukamoto_takumi_program\project\game\x64\release\enemy.obj
c:\users\neutr\onedrive\ドキュメント\github\tsukamoto_takumi_program\project\game\x64\release\field.obj
c:\users\neutr\onedrive\ドキュメント\github\tsukamoto_takumi_program\project\game\x64\release\itemmanager.obj
c:\users\neutr\onedrive\ドキュメント\github\tsukamoto_takumi_program\project\game\x64\release\sceneclear.obj
c:\users\neutr\onedrive\ドキュメント\github\tsukamoto_takumi_program\project\game\x64\release\skybox.obj
c:\users\neutr\onedrive\ドキュメント\github\tsukamoto_takumi_program\project\game\x64\release\bigsubstance.obj
c:\users\neutr\onedrive\ドキュメント\github\tsukamoto_takumi_program\project\game\x64\release\image.obj
c:\users\neutr\onedrive\ドキュメント\github\tsukamoto_takumi_program\project\game\x64\release\inputkeyboard.obj
c:\users\neutr\onedrive\ドキュメント\github\tsukamoto_takumi_program\project\game\x64\release\camera.obj
c:\users\neutr\onedrive\ドキュメント\github\tsukamoto_takumi_program\project\game\x64\release\heal.obj
c:\users\neutr\onedrive\ドキュメント\github\tsukamoto_takumi_program\project\game\x64\release\player3deffect.obj
c:\users\neutr\onedrive\ドキュメント\github\tsukamoto_takumi_program\project\game\x64\release\substancebase.obj
c:\users\neutr\onedrive\ドキュメント\github\tsukamoto_takumi_program\project\game\x64\release\gamepad.obj
c:\users\neutr\onedrive\ドキュメント\github\tsukamoto_takumi_program\project\game\x64\release\vector2d.obj
c:\users\neutr\onedrive\ドキュメント\github\tsukamoto_takumi_program\project\game\x64\release\debugcamera.obj
c:\users\neutr\onedrive\ドキュメント\github\tsukamoto_takumi_program\project\game\x64\release\enemymonster.obj
c:\users\neutr\onedrive\ドキュメント\github\tsukamoto_takumi_program\project\game\x64\release\bomb.obj
c:\users\neutr\onedrive\ドキュメント\github\tsukamoto_takumi_program\project\game\x64\release\player2deffect.obj
c:\users\neutr\onedrive\ドキュメント\github\tsukamoto_takumi_program\project\game\x64\release\scenetitle.obj
c:\users\neutr\onedrive\ドキュメント\github\tsukamoto_takumi_program\project\game\x64\release\input.obj
c:\users\neutr\onedrive\ドキュメント\github\tsukamoto_takumi_program\project\game\x64\release\matrix2d.obj
c:\users\neutr\onedrive\ドキュメント\github\tsukamoto_takumi_program\project\game\x64\release\matrix3d.obj
c:\users\neutr\onedrive\ドキュメント\github\tsukamoto_takumi_program\project\game\x64\release\number.obj
c:\users\neutr\onedrive\ドキュメント\github\tsukamoto_takumi_program\project\game\x64\release\combo.obj
c:\users\neutr\onedrive\ドキュメント\github\tsukamoto_takumi_program\project\game\x64\release\enemybomber.obj
c:\users\neutr\onedrive\ドキュメント\github\tsukamoto_takumi_program\project\game\x64\release\system.obj
c:\users\neutr\onedrive\ドキュメント\github\tsukamoto_takumi_program\project\game\x64\release\sceneplay.obj
c:\users\neutr\onedrive\ドキュメント\github\tsukamoto_takumi_program\project\game\x64\release\model.obj
c:\users\neutr\onedrive\ドキュメント\github\tsukamoto_takumi_program\project\game\x64\release\mouse.obj
c:\users\neutr\onedrive\ドキュメント\github\tsukamoto_takumi_program\project\game\x64\release\bigbullet.obj
c:\users\neutr\onedrive\ドキュメント\github\tsukamoto_takumi_program\project\game\x64\release\effekseer.obj
c:\users\neutr\onedrive\ドキュメント\github\tsukamoto_takumi_program\project\game\x64\release\main.obj
c:\users\neutr\onedrive\ドキュメント\github\tsukamoto_takumi_program\project\game\x64\release\scenemanager.obj
c:\users\neutr\onedrive\ドキュメント\github\tsukamoto_takumi_program\project\game\x64\release\timelimit.obj
c:\users\neutr\onedrive\ドキュメント\github\tsukamoto_takumi_program\project\game\x64\release\vc143.pdb
c:\users\neutr\onedrive\ドキュメント\github\tsukamoto_takumi_program\project\game\x64\release\game.ipdb
c:\users\neutr\onedrive\ドキュメント\github\tsukamoto_takumi_program\project\game\x64\release\game.iobj
c:\users\neutr\onedrive\ドキュメント\github\tsukamoto_takumi_program\project\x64\release\game.pdb
c:\users\neutr\onedrive\ドキュメント\github\tsukamoto_takumi_program\project\game\x64\release\game.tlog\cl.1128.write.1.tlog
c:\users\neutr\onedrive\ドキュメント\github\tsukamoto_takumi_program\project\game\x64\release\game.tlog\cl.command.1.tlog
c:\users\neutr\onedrive\ドキュメント\github\tsukamoto_takumi_program\project\game\x64\release\game.tlog\cl.items.tlog
c:\users\neutr\onedrive\ドキュメント\github\tsukamoto_takumi_program\project\game\x64\release\game.tlog\cl.read.1.tlog
c:\users\neutr\onedrive\ドキュメント\github\tsukamoto_takumi_program\project\game\x64\release\game.tlog\link.command.1.tlog
c:\users\neutr\onedrive\ドキュメント\github\tsukamoto_takumi_program\project\game\x64\release\game.tlog\link.read.1.tlog
c:\users\neutr\onedrive\ドキュメント\github\tsukamoto_takumi_program\project\game\x64\release\game.tlog\link.secondary.1.tlog
c:\users\neutr\onedrive\ドキュメント\github\tsukamoto_takumi_program\project\game\x64\release\game.tlog\link.write.1.tlog
