  Collision.cpp
  CollisionManager.cpp
  CSVFileLoader.cpp
  FrameRate.cpp
  Image.cpp
  Model.cpp
  GamePad.cpp
  Input.cpp
  InputKeyBoard.cpp
  Mouse.cpp
  MyMath.cpp
  Matrix2D.cpp
  Matrix3D.cpp
  Number.cpp
  Vector2D.cpp
  Vector3D.cpp
  BigBullet.cpp
  Bullet.cpp
  BulletBase.cpp
  BulletManager.cpp
  Camera.cpp
  CameraManager.cpp
  DebugCamera.cpp
  Combo.cpp
  Effekseer.cpp
  Enemy.cpp
  EnemyBase.cpp
  EnemyBomber.cpp
  EnemyManager.cpp
  EnemyMonster.cpp
  Fade.cpp
  Field.cpp
  System.cpp
  Bomb.cpp
  Heal.cpp
  ItemManager.cpp
  Main.cpp
  Object.cpp
  Player.cpp
  Player2DEffect.cpp
  Player3DEffect.cpp
  SceneBase.cpp
  SceneClear.cpp
  SceneGameOver.cpp
  SceneManager.cpp
  ScenePlay.cpp
  SceneTitle.cpp
  Score.cpp
  SkyBox.cpp
  Sound.cpp
  StateMachine.cpp
  State.cpp
  BigSubstance.cpp
  Substance.cpp
  SubstanceBase.cpp
  SubstanceManager.cpp
  TimeLimit.cpp
  Game.vcxproj -> C:\Users\Neutr\OneDrive\ドキュメント\GitHub\Tsukamoto_Takumi_Program\Project\x64\Debug\Game.exe
