c:\users\2209423\documents\github\tsukamoto_takumi_game_program\project\x64\release\bulletbase.obj
c:\users\2209423\documents\github\tsukamoto_takumi_game_program\project\x64\release\combo.obj
c:\users\2209423\documents\github\tsukamoto_takumi_game_program\project\x64\release\csvfileloader.obj
c:\users\2209423\documents\github\tsukamoto_takumi_game_program\project\x64\release\effekseer.obj
c:\users\2209423\documents\github\tsukamoto_takumi_game_program\project\x64\release\field.obj
c:\users\2209423\documents\github\tsukamoto_takumi_game_program\project\x64\release\framerate.obj
c:\users\2209423\documents\github\tsukamoto_takumi_game_program\project\x64\release\image.obj
c:\users\2209423\documents\github\tsukamoto_takumi_game_program\project\x64\release\inputkeyboard.obj
c:\users\2209423\documents\github\tsukamoto_takumi_game_program\project\x64\release\main.obj
c:\users\2209423\documents\github\tsukamoto_takumi_game_program\project\x64\release\matrix2d.obj
c:\users\2209423\documents\github\tsukamoto_takumi_game_program\project\x64\release\matrix3d.obj
c:\users\2209423\documents\github\tsukamoto_takumi_game_program\project\x64\release\model.obj
c:\users\2209423\documents\github\tsukamoto_takumi_game_program\project\x64\release\mouse.obj
c:\users\2209423\documents\github\tsukamoto_takumi_game_program\project\x64\release\number.obj
c:\users\2209423\documents\github\tsukamoto_takumi_game_program\project\x64\release\scenebase.obj
c:\users\2209423\documents\github\tsukamoto_takumi_game_program\project\x64\release\sceneclear.obj
c:\users\2209423\documents\github\tsukamoto_takumi_game_program\project\x64\release\scenegameover.obj
c:\users\2209423\documents\github\tsukamoto_takumi_game_program\project\x64\release\score.obj
c:\users\2209423\documents\github\tsukamoto_takumi_game_program\project\x64\release\sound.obj
c:\users\2209423\documents\github\tsukamoto_takumi_game_program\project\x64\release\statemachine.obj
c:\users\2209423\documents\github\tsukamoto_takumi_game_program\project\x64\release\timelimit.obj
c:\users\2209423\documents\github\tsukamoto_takumi_game_program\project\x64\release\vector2d.obj
c:\users\2209423\documents\github\tsukamoto_takumi_game_program\project\x64\release\vc143.pdb
c:\users\2209423\documents\github\tsukamoto_takumi_game_program\project\x64\release\game.tlog\cl.command.1.tlog
